{"C:\\Users\\yoges\\OneDrive\\Desktop\\hillton\\src\\app\\layout.tsx": {"path":"C:\\Users\\yoges\\OneDrive\\Desktop\\hillton\\src\\app\\layout.tsx","statementMap":{"0":{"start":{"line":28,"column":24},"end":{"line":28,"column":35}},"1":{"start":{"line":22,"column":13},"end":{"line":22,"column":21}},"2":{"start":{"line":2,"column":30},"end":{"line":2,"column":null}},"3":{"start":{"line":3,"column":7},"end":{"line":3,"column":null}},"4":{"start":{"line":4,"column":19},"end":{"line":4,"column":null}},"5":{"start":{"line":5,"column":19},"end":{"line":5,"column":null}},"6":{"start":{"line":6,"column":27},"end":{"line":6,"column":null}},"7":{"start":{"line":8,"column":16},"end":{"line":13,"column":null}},"8":{"start":{"line":15,"column":13},"end":{"line":20,"column":null}},"9":{"start":{"line":22,"column":34},"end":{"line":26,"column":null}}},"fnMap":{"0":{"name":"RootLayout","decl":{"start":{"line":28,"column":24},"end":{"line":28,"column":35}},"loc":{"start":{"line":32,"column":2},"end":{"line":45,"column":1}}}},"branchMap":{},"s":{"0":0,"1":0,"2":0,"3":0,"4":0,"5":0,"6":0,"7":0,"8":0,"9":0},"f":{"0":0},"b":{}}
,"C:\\Users\\yoges\\OneDrive\\Desktop\\hillton\\src\\app\\page.tsx": {"path":"C:\\Users\\yoges\\OneDrive\\Desktop\\hillton\\src\\app\\page.tsx","statementMap":{"0":{"start":{"line":96,"column":24},"end":{"line":96,"column":null}},"1":{"start":{"line":24,"column":13},"end":{"line":24,"column":21}},"2":{"start":{"line":1,"column":17},"end":{"line":1,"column":null}},"3":{"start":{"line":20,"column":7},"end":{"line":20,"column":null}},"4":{"start":{"line":21,"column":18},"end":{"line":21,"column":null}},"5":{"start":{"line":24,"column":34},"end":{"line":30,"column":null}},"6":{"start":{"line":32,"column":21},"end":{"line":94,"column":null}},"7":{"start":{"line":840,"column":14},"end":{"line":841,"column":null}}},"fnMap":{"0":{"name":"Home","decl":{"start":{"line":96,"column":24},"end":{"line":96,"column":null}},"loc":{"start":{"line":96,"column":24},"end":{"line":997,"column":1}}},"1":{"name":"(anonymous_5)","decl":{"start":{"line":839,"column":30},"end":{"line":839,"column":31}},"loc":{"start":{"line":840,"column":14},"end":{"line":841,"column":null}}}},"branchMap":{"0":{"loc":{"start":{"line":848,"column":25},"end":{"line":848,"column":53}},"type":"binary-expr","locations":[{"start":{"line":848,"column":25},"end":{"line":848,"column":36}},{"start":{"line":848,"column":40},"end":{"line":848,"column":53}}]}},"s":{"0":0,"1":0,"2":0,"3":0,"4":0,"5":0,"6":0,"7":0},"f":{"0":0,"1":0},"b":{"0":[0,0]}}
,"C:\\Users\\yoges\\OneDrive\\Desktop\\hillton\\src\\app\\about\\page.tsx": {"path":"C:\\Users\\yoges\\OneDrive\\Desktop\\hillton\\src\\app\\about\\page.tsx","statementMap":{"0":{"start":{"line":22,"column":24},"end":{"line":22,"column":null}},"1":{"start":{"line":16,"column":13},"end":{"line":16,"column":21}},"2":{"start":{"line":1,"column":17},"end":{"line":1,"column":null}},"3":{"start":{"line":12,"column":7},"end":{"line":12,"column":null}},"4":{"start":{"line":13,"column":18},"end":{"line":13,"column":null}},"5":{"start":{"line":16,"column":34},"end":{"line":20,"column":null}}},"fnMap":{"0":{"name":"About","decl":{"start":{"line":22,"column":24},"end":{"line":22,"column":null}},"loc":{"start":{"line":22,"column":24},"end":{"line":599,"column":1}}}},"branchMap":{},"s":{"0":0,"1":0,"2":0,"3":0,"4":0,"5":0},"f":{"0":0},"b":{}}
,"C:\\Users\\yoges\\OneDrive\\Desktop\\hillton\\src\\app\\api\\contact\\route.ts": {"path":"C:\\Users\\yoges\\OneDrive\\Desktop\\hillton\\src\\app\\api\\contact\\route.ts","statementMap":{"0":{"start":{"line":10,"column":22},"end":{"line":10,"column":27}},"1":{"start":{"line":1,"column":29},"end":{"line":1,"column":null}},"2":{"start":{"line":2,"column":44},"end":{"line":2,"column":null}},"3":{"start":{"line":3,"column":24},"end":{"line":3,"column":null}},"4":{"start":{"line":5,"column":18},"end":{"line":8,"column":null}},"5":{"start":{"line":11,"column":2},"end":{"line":63,"column":null}},"6":{"start":{"line":12,"column":17},"end":{"line":12,"column":null}},"7":{"start":{"line":15,"column":6},"end":{"line":15,"column":null}},"8":{"start":{"line":17,"column":6},"end":{"line":17,"column":null}},"9":{"start":{"line":19,"column":22},"end":{"line":30,"column":null}},"10":{"start":{"line":32,"column":20},"end":{"line":49,"column":null}},"11":{"start":{"line":51,"column":4},"end":{"line":51,"column":null}},"12":{"start":{"line":53,"column":4},"end":{"line":56,"column":null}},"13":{"start":{"line":58,"column":4},"end":{"line":58,"column":null}},"14":{"start":{"line":59,"column":4},"end":{"line":61,"column":null}}},"fnMap":{"0":{"name":"POST","decl":{"start":{"line":10,"column":22},"end":{"line":10,"column":27}},"loc":{"start":{"line":10,"column":43},"end":{"line":64,"column":null}}}},"branchMap":{"0":{"loc":{"start":{"line":6,"column":10},"end":{"line":6,"column":null}},"type":"binary-expr","locations":[{"start":{"line":6,"column":10},"end":{"line":6,"column":32}},{"start":{"line":6,"column":36},"end":{"line":6,"column":null}}]},"1":{"loc":{"start":{"line":15,"column":6},"end":{"line":15,"column":null}},"type":"binary-expr","locations":[{"start":{"line":15,"column":6},"end":{"line":15,"column":34}},{"start":{"line":15,"column":38},"end":{"line":15,"column":null}}]},"2":{"loc":{"start":{"line":17,"column":6},"end":{"line":17,"column":null}},"type":"binary-expr","locations":[{"start":{"line":17,"column":6},"end":{"line":17,"column":36}},{"start":{"line":17,"column":40},"end":{"line":17,"column":null}}]},"3":{"loc":{"start":{"line":20,"column":15},"end":{"line":20,"column":31}},"type":"binary-expr","locations":[{"start":{"line":20,"column":15},"end":{"line":20,"column":24}},{"start":{"line":20,"column":28},"end":{"line":20,"column":31}}]},"4":{"loc":{"start":{"line":21,"column":16},"end":{"line":21,"column":33}},"type":"binary-expr","locations":[{"start":{"line":21,"column":16},"end":{"line":21,"column":26}},{"start":{"line":21,"column":30},"end":{"line":21,"column":33}}]},"5":{"loc":{"start":{"line":22,"column":16},"end":{"line":22,"column":33}},"type":"binary-expr","locations":[{"start":{"line":22,"column":16},"end":{"line":22,"column":26}},{"start":{"line":22,"column":30},"end":{"line":22,"column":33}}]},"6":{"loc":{"start":{"line":23,"column":14},"end":{"line":23,"column":29}},"type":"binary-expr","locations":[{"start":{"line":23,"column":14},"end":{"line":23,"column":22}},{"start":{"line":23,"column":26},"end":{"line":23,"column":29}}]},"7":{"loc":{"start":{"line":24,"column":18},"end":{"line":24,"column":37}},"type":"binary-expr","locations":[{"start":{"line":24,"column":18},"end":{"line":24,"column":30}},{"start":{"line":24,"column":34},"end":{"line":24,"column":37}}]},"8":{"loc":{"start":{"line":25,"column":22},"end":{"line":25,"column":45}},"type":"binary-expr","locations":[{"start":{"line":25,"column":22},"end":{"line":25,"column":38}},{"start":{"line":25,"column":42},"end":{"line":25,"column":45}}]},"9":{"loc":{"start":{"line":26,"column":20},"end":{"line":26,"column":38}},"type":"binary-expr","locations":[{"start":{"line":26,"column":20},"end":{"line":26,"column":33}},{"start":{"line":26,"column":37},"end":{"line":26,"column":38}}]},"10":{"loc":{"start":{"line":27,"column":35},"end":{"line":27,"column":60}},"type":"binary-expr","locations":[{"start":{"line":27,"column":35},"end":{"line":27,"column":53}},{"start":{"line":27,"column":57},"end":{"line":27,"column":60}}]},"11":{"loc":{"start":{"line":28,"column":25},"end":{"line":28,"column":41}},"type":"binary-expr","locations":[{"start":{"line":28,"column":25},"end":{"line":28,"column":34}},{"start":{"line":28,"column":38},"end":{"line":28,"column":41}}]},"12":{"loc":{"start":{"line":29,"column":29},"end":{"line":29,"column":48}},"type":"binary-expr","locations":[{"start":{"line":29,"column":29},"end":{"line":29,"column":41}},{"start":{"line":29,"column":45},"end":{"line":29,"column":48}}]},"13":{"loc":{"start":{"line":39,"column":49},"end":{"line":39,"column":72}},"type":"binary-expr","locations":[{"start":{"line":39,"column":49},"end":{"line":39,"column":58}},{"start":{"line":39,"column":62},"end":{"line":39,"column":72}}]}},"s":{"0":0,"1":0,"2":0,"3":0,"4":0,"5":0,"6":0,"7":0,"8":0,"9":0,"10":0,"11":0,"12":0,"13":0,"14":0},"f":{"0":0},"b":{"0":[0,0],"1":[0,0],"2":[0,0],"3":[0,0],"4":[0,0],"5":[0,0],"6":[0,0],"7":[0,0],"8":[0,0],"9":[0,0],"10":[0,0],"11":[0,0],"12":[0,0],"13":[0,0]}}
,"C:\\Users\\yoges\\OneDrive\\Desktop\\hillton\\src\\app\\blog\\blogData.ts": {"path":"C:\\Users\\yoges\\OneDrive\\Desktop\\hillton\\src\\app\\blog\\blogData.ts","statementMap":{"0":{"start":{"line":12,"column":13},"end":{"line":12,"column":22}},"1":{"start":{"line":111,"column":16},"end":{"line":111,"column":33}},"2":{"start":{"line":12,"column":37},"end":{"line":109,"column":null}},"3":{"start":{"line":112,"column":2},"end":{"line":112,"column":null}},"4":{"start":{"line":112,"column":34},"end":{"line":112,"column":null}}},"fnMap":{"0":{"name":"getBlogPostBySlug","decl":{"start":{"line":111,"column":16},"end":{"line":111,"column":33}},"loc":{"start":{"line":111,"column":46},"end":{"line":113,"column":null}}},"1":{"name":"(anonymous_4)","decl":{"start":{"line":112,"column":24},"end":{"line":112,"column":25}},"loc":{"start":{"line":112,"column":34},"end":{"line":112,"column":null}}}},"branchMap":{},"s":{"0":0,"1":0,"2":0,"3":0,"4":0},"f":{"0":0,"1":0},"b":{}}
,"C:\\Users\\yoges\\OneDrive\\Desktop\\hillton\\src\\app\\blog\\page.tsx": {"path":"C:\\Users\\yoges\\OneDrive\\Desktop\\hillton\\src\\app\\blog\\page.tsx","statementMap":{"0":{"start":{"line":13,"column":24},"end":{"line":13,"column":null}},"1":{"start":{"line":7,"column":13},"end":{"line":7,"column":21}},"2":{"start":{"line":2,"column":17},"end":{"line":2,"column":null}},"3":{"start":{"line":3,"column":43},"end":{"line":3,"column":null}},"4":{"start":{"line":4,"column":18},"end":{"line":4,"column":null}},"5":{"start":{"line":5,"column":26},"end":{"line":5,"column":null}},"6":{"start":{"line":7,"column":34},"end":{"line":11,"column":null}},"7":{"start":{"line":34,"column":14},"end":{"line":35,"column":null}}},"fnMap":{"0":{"name":"BlogPage","decl":{"start":{"line":13,"column":24},"end":{"line":13,"column":null}},"loc":{"start":{"line":13,"column":24},"end":{"line":110,"column":1}}},"1":{"name":"(anonymous_5)","decl":{"start":{"line":33,"column":27},"end":{"line":33,"column":28}},"loc":{"start":{"line":34,"column":14},"end":{"line":35,"column":null}}}},"branchMap":{},"s":{"0":0,"1":0,"2":0,"3":0,"4":0,"5":0,"6":0,"7":0},"f":{"0":0,"1":0},"b":{}}
,"C:\\Users\\yoges\\OneDrive\\Desktop\\hillton\\src\\app\\blog\\[slug]\\page.tsx": {"path":"C:\\Users\\yoges\\OneDrive\\Desktop\\hillton\\src\\app\\blog\\[slug]\\page.tsx","statementMap":{"0":{"start":{"line":32,"column":24},"end":{"line":32,"column":39}},"1":{"start":{"line":16,"column":16},"end":{"line":16,"column":32}},"2":{"start":{"line":12,"column":16},"end":{"line":12,"column":36}},"3":{"start":{"line":1,"column":17},"end":{"line":1,"column":null}},"4":{"start":{"line":2,"column":18},"end":{"line":2,"column":null}},"5":{"start":{"line":3,"column":25},"end":{"line":3,"column":null}},"6":{"start":{"line":4,"column":42},"end":{"line":4,"column":null}},"7":{"start":{"line":6,"column":45},"end":{"line":6,"column":null}},"8":{"start":{"line":13,"column":2},"end":{"line":13,"column":null}},"9":{"start":{"line":13,"column":34},"end":{"line":13,"column":null}},"10":{"start":{"line":17,"column":15},"end":{"line":17,"column":null}},"11":{"start":{"line":19,"column":2},"end":{"line":24,"column":null}},"12":{"start":{"line":20,"column":4},"end":{"line":23,"column":null}},"13":{"start":{"line":26,"column":2},"end":{"line":29,"column":null}},"14":{"start":{"line":33,"column":15},"end":{"line":33,"column":null}},"15":{"start":{"line":35,"column":2},"end":{"line":37,"column":null}},"16":{"start":{"line":36,"column":4},"end":{"line":36,"column":null}},"17":{"start":{"line":84,"column":16},"end":{"line":84,"column":32}}},"fnMap":{"0":{"name":"generateStaticParams","decl":{"start":{"line":12,"column":16},"end":{"line":12,"column":36}},"loc":{"start":{"line":12,"column":16},"end":{"line":14,"column":null}}},"1":{"name":"(anonymous_6)","decl":{"start":{"line":13,"column":23},"end":{"line":13,"column":24}},"loc":{"start":{"line":13,"column":34},"end":{"line":13,"column":null}}},"2":{"name":"generateMetadata","decl":{"start":{"line":16,"column":16},"end":{"line":16,"column":32}},"loc":{"start":{"line":16,"column":64},"end":{"line":30,"column":null}}},"3":{"name":"BlogDetailPage","decl":{"start":{"line":32,"column":24},"end":{"line":32,"column":39}},"loc":{"start":{"line":32,"column":70},"end":{"line":101,"column":1}}},"4":{"name":"(anonymous_9)","decl":{"start":{"line":83,"column":32},"end":{"line":83,"column":33}},"loc":{"start":{"line":84,"column":16},"end":{"line":84,"column":32}}}},"branchMap":{"0":{"loc":{"start":{"line":19,"column":2},"end":{"line":24,"column":null}},"type":"if","locations":[{"start":{"line":19,"column":2},"end":{"line":24,"column":null}}]},"1":{"loc":{"start":{"line":35,"column":2},"end":{"line":37,"column":null}},"type":"if","locations":[{"start":{"line":35,"column":2},"end":{"line":37,"column":null}}]}},"s":{"0":0,"1":0,"2":0,"3":0,"4":0,"5":0,"6":0,"7":0,"8":0,"9":0,"10":0,"11":0,"12":0,"13":0,"14":0,"15":0,"16":0,"17":0},"f":{"0":0,"1":0,"2":0,"3":0,"4":0},"b":{"0":[0],"1":[0]}}
,"C:\\Users\\yoges\\OneDrive\\Desktop\\hillton\\src\\app\\conditions\\page.tsx": {"path":"C:\\Users\\yoges\\OneDrive\\Desktop\\hillton\\src\\app\\conditions\\page.tsx","statementMap":{"0":{"start":{"line":33,"column":24},"end":{"line":33,"column":null}},"1":{"start":{"line":6,"column":13},"end":{"line":6,"column":21}},"2":{"start":{"line":2,"column":17},"end":{"line":2,"column":null}},"3":{"start":{"line":3,"column":27},"end":{"line":3,"column":null}},"4":{"start":{"line":6,"column":34},"end":{"line":9,"column":null}},"5":{"start":{"line":12,"column":23},"end":{"line":31,"column":null}},"6":{"start":{"line":53,"column":32},"end":{"line":53,"column":50}}},"fnMap":{"0":{"name":"ConditionsHub","decl":{"start":{"line":33,"column":24},"end":{"line":33,"column":null}},"loc":{"start":{"line":33,"column":24},"end":{"line":81,"column":1}}},"1":{"name":"(anonymous_5)","decl":{"start":{"line":52,"column":48},"end":{"line":52,"column":49}},"loc":{"start":{"line":53,"column":32},"end":{"line":53,"column":50}}}},"branchMap":{},"s":{"0":0,"1":0,"2":0,"3":0,"4":0,"5":0,"6":0},"f":{"0":0,"1":0},"b":{}}
,"C:\\Users\\yoges\\OneDrive\\Desktop\\hillton\\src\\app\\conditions\\anti-aging\\page.tsx": {"path":"C:\\Users\\yoges\\OneDrive\\Desktop\\hillton\\src\\app\\conditions\\anti-aging\\page.tsx","statementMap":{"0":{"start":{"line":10,"column":24},"end":{"line":10,"column":null}},"1":{"start":{"line":5,"column":13},"end":{"line":5,"column":21}},"2":{"start":{"line":2,"column":34},"end":{"line":2,"column":null}},"3":{"start":{"line":5,"column":34},"end":{"line":8,"column":null}}},"fnMap":{"0":{"name":"AntiAgingPage","decl":{"start":{"line":10,"column":24},"end":{"line":10,"column":null}},"loc":{"start":{"line":10,"column":24},"end":{"line":112,"column":1}}}},"branchMap":{},"s":{"0":0,"1":0,"2":0,"3":0},"f":{"0":0},"b":{}}
,"C:\\Users\\yoges\\OneDrive\\Desktop\\hillton\\src\\app\\conditions\\arthritis-joint-pain\\page.tsx": {"path":"C:\\Users\\yoges\\OneDrive\\Desktop\\hillton\\src\\app\\conditions\\arthritis-joint-pain\\page.tsx","statementMap":{"0":{"start":{"line":10,"column":24},"end":{"line":10,"column":null}},"1":{"start":{"line":5,"column":13},"end":{"line":5,"column":21}},"2":{"start":{"line":2,"column":34},"end":{"line":2,"column":null}},"3":{"start":{"line":5,"column":34},"end":{"line":8,"column":null}}},"fnMap":{"0":{"name":"ArthritisPage","decl":{"start":{"line":10,"column":24},"end":{"line":10,"column":null}},"loc":{"start":{"line":10,"column":24},"end":{"line":163,"column":1}}}},"branchMap":{},"s":{"0":0,"1":0,"2":0,"3":0},"f":{"0":0},"b":{}}
,"C:\\Users\\yoges\\OneDrive\\Desktop\\hillton\\src\\app\\conditions\\cardiovascular-disorders\\page.tsx": {"path":"C:\\Users\\yoges\\OneDrive\\Desktop\\hillton\\src\\app\\conditions\\cardiovascular-disorders\\page.tsx","statementMap":{"0":{"start":{"line":10,"column":24},"end":{"line":10,"column":null}},"1":{"start":{"line":5,"column":13},"end":{"line":5,"column":21}},"2":{"start":{"line":2,"column":34},"end":{"line":2,"column":null}},"3":{"start":{"line":5,"column":34},"end":{"line":8,"column":null}}},"fnMap":{"0":{"name":"CardioPage","decl":{"start":{"line":10,"column":24},"end":{"line":10,"column":null}},"loc":{"start":{"line":10,"column":24},"end":{"line":124,"column":1}}}},"branchMap":{},"s":{"0":0,"1":0,"2":0,"3":0},"f":{"0":0},"b":{}}
,"C:\\Users\\yoges\\OneDrive\\Desktop\\hillton\\src\\app\\conditions\\diabetes\\page.tsx": {"path":"C:\\Users\\yoges\\OneDrive\\Desktop\\hillton\\src\\app\\conditions\\diabetes\\page.tsx","statementMap":{"0":{"start":{"line":10,"column":24},"end":{"line":10,"column":null}},"1":{"start":{"line":5,"column":13},"end":{"line":5,"column":21}},"2":{"start":{"line":2,"column":34},"end":{"line":2,"column":null}},"3":{"start":{"line":5,"column":34},"end":{"line":8,"column":null}}},"fnMap":{"0":{"name":"DiabetesPage","decl":{"start":{"line":10,"column":24},"end":{"line":10,"column":null}},"loc":{"start":{"line":10,"column":24},"end":{"line":148,"column":1}}}},"branchMap":{},"s":{"0":0,"1":0,"2":0,"3":0},"f":{"0":0},"b":{}}
,"C:\\Users\\yoges\\OneDrive\\Desktop\\hillton\\src\\app\\conditions\\gastrointestinal-disorders\\page.tsx": {"path":"C:\\Users\\yoges\\OneDrive\\Desktop\\hillton\\src\\app\\conditions\\gastrointestinal-disorders\\page.tsx","statementMap":{"0":{"start":{"line":10,"column":24},"end":{"line":10,"column":null}},"1":{"start":{"line":5,"column":13},"end":{"line":5,"column":21}},"2":{"start":{"line":2,"column":34},"end":{"line":2,"column":null}},"3":{"start":{"line":5,"column":34},"end":{"line":8,"column":null}}},"fnMap":{"0":{"name":"GastroPage","decl":{"start":{"line":10,"column":24},"end":{"line":10,"column":null}},"loc":{"start":{"line":10,"column":24},"end":{"line":120,"column":1}}}},"branchMap":{},"s":{"0":0,"1":0,"2":0,"3":0},"f":{"0":0},"b":{}}
,"C:\\Users\\yoges\\OneDrive\\Desktop\\hillton\\src\\app\\conditions\\hormonal-imbalance\\page.tsx": {"path":"C:\\Users\\yoges\\OneDrive\\Desktop\\hillton\\src\\app\\conditions\\hormonal-imbalance\\page.tsx","statementMap":{"0":{"start":{"line":10,"column":24},"end":{"line":10,"column":null}},"1":{"start":{"line":5,"column":13},"end":{"line":5,"column":21}},"2":{"start":{"line":2,"column":34},"end":{"line":2,"column":null}},"3":{"start":{"line":5,"column":34},"end":{"line":8,"column":null}}},"fnMap":{"0":{"name":"HormonalPage","decl":{"start":{"line":10,"column":24},"end":{"line":10,"column":null}},"loc":{"start":{"line":10,"column":24},"end":{"line":119,"column":1}}}},"branchMap":{},"s":{"0":0,"1":0,"2":0,"3":0},"f":{"0":0},"b":{}}
,"C:\\Users\\yoges\\OneDrive\\Desktop\\hillton\\src\\app\\conditions\\hypertension\\page.tsx": {"path":"C:\\Users\\yoges\\OneDrive\\Desktop\\hillton\\src\\app\\conditions\\hypertension\\page.tsx","statementMap":{"0":{"start":{"line":10,"column":24},"end":{"line":10,"column":null}},"1":{"start":{"line":5,"column":13},"end":{"line":5,"column":21}},"2":{"start":{"line":2,"column":34},"end":{"line":2,"column":null}},"3":{"start":{"line":5,"column":34},"end":{"line":8,"column":null}}},"fnMap":{"0":{"name":"HypertensionPage","decl":{"start":{"line":10,"column":24},"end":{"line":10,"column":null}},"loc":{"start":{"line":10,"column":24},"end":{"line":123,"column":1}}}},"branchMap":{},"s":{"0":0,"1":0,"2":0,"3":0},"f":{"0":0},"b":{}}
,"C:\\Users\\yoges\\OneDrive\\Desktop\\hillton\\src\\app\\conditions\\lifestyle-disorders\\page.tsx": {"path":"C:\\Users\\yoges\\OneDrive\\Desktop\\hillton\\src\\app\\conditions\\lifestyle-disorders\\page.tsx","statementMap":{"0":{"start":{"line":10,"column":24},"end":{"line":10,"column":null}},"1":{"start":{"line":5,"column":13},"end":{"line":5,"column":21}},"2":{"start":{"line":2,"column":34},"end":{"line":2,"column":null}},"3":{"start":{"line":5,"column":34},"end":{"line":8,"column":null}}},"fnMap":{"0":{"name":"LifestyleDisordersPage","decl":{"start":{"line":10,"column":24},"end":{"line":10,"column":null}},"loc":{"start":{"line":10,"column":24},"end":{"line":157,"column":1}}}},"branchMap":{},"s":{"0":0,"1":0,"2":0,"3":0},"f":{"0":0},"b":{}}
,"C:\\Users\\yoges\\OneDrive\\Desktop\\hillton\\src\\app\\conditions\\migraine-headache\\page.tsx": {"path":"C:\\Users\\yoges\\OneDrive\\Desktop\\hillton\\src\\app\\conditions\\migraine-headache\\page.tsx","statementMap":{"0":{"start":{"line":10,"column":24},"end":{"line":10,"column":null}},"1":{"start":{"line":5,"column":13},"end":{"line":5,"column":21}},"2":{"start":{"line":2,"column":34},"end":{"line":2,"column":null}},"3":{"start":{"line":5,"column":34},"end":{"line":8,"column":null}}},"fnMap":{"0":{"name":"MigrainePage","decl":{"start":{"line":10,"column":24},"end":{"line":10,"column":null}},"loc":{"start":{"line":10,"column":24},"end":{"line":117,"column":1}}}},"branchMap":{},"s":{"0":0,"1":0,"2":0,"3":0},"f":{"0":0},"b":{}}
,"C:\\Users\\yoges\\OneDrive\\Desktop\\hillton\\src\\app\\conditions\\musculoskeletal-disorders\\page.tsx": {"path":"C:\\Users\\yoges\\OneDrive\\Desktop\\hillton\\src\\app\\conditions\\musculoskeletal-disorders\\page.tsx","statementMap":{"0":{"start":{"line":10,"column":24},"end":{"line":10,"column":null}},"1":{"start":{"line":5,"column":13},"end":{"line":5,"column":21}},"2":{"start":{"line":2,"column":34},"end":{"line":2,"column":null}},"3":{"start":{"line":5,"column":34},"end":{"line":8,"column":null}}},"fnMap":{"0":{"name":"MusculoskeletalPage","decl":{"start":{"line":10,"column":24},"end":{"line":10,"column":null}},"loc":{"start":{"line":10,"column":24},"end":{"line":118,"column":1}}}},"branchMap":{},"s":{"0":0,"1":0,"2":0,"3":0},"f":{"0":0},"b":{}}
,"C:\\Users\\yoges\\OneDrive\\Desktop\\hillton\\src\\app\\conditions\\neurological-disorders\\page.tsx": {"path":"C:\\Users\\yoges\\OneDrive\\Desktop\\hillton\\src\\app\\conditions\\neurological-disorders\\page.tsx","statementMap":{"0":{"start":{"line":10,"column":24},"end":{"line":10,"column":null}},"1":{"start":{"line":5,"column":13},"end":{"line":5,"column":21}},"2":{"start":{"line":2,"column":34},"end":{"line":2,"column":null}},"3":{"start":{"line":5,"column":34},"end":{"line":8,"column":null}}},"fnMap":{"0":{"name":"NeurologicalPage","decl":{"start":{"line":10,"column":24},"end":{"line":10,"column":null}},"loc":{"start":{"line":10,"column":24},"end":{"line":117,"column":1}}}},"branchMap":{},"s":{"0":0,"1":0,"2":0,"3":0},"f":{"0":0},"b":{}}
,"C:\\Users\\yoges\\OneDrive\\Desktop\\hillton\\src\\app\\conditions\\obesity-weight-gain\\page.tsx": {"path":"C:\\Users\\yoges\\OneDrive\\Desktop\\hillton\\src\\app\\conditions\\obesity-weight-gain\\page.tsx","statementMap":{"0":{"start":{"line":10,"column":24},"end":{"line":10,"column":null}},"1":{"start":{"line":5,"column":13},"end":{"line":5,"column":21}},"2":{"start":{"line":2,"column":34},"end":{"line":2,"column":null}},"3":{"start":{"line":5,"column":34},"end":{"line":8,"column":null}}},"fnMap":{"0":{"name":"ObesityPage","decl":{"start":{"line":10,"column":24},"end":{"line":10,"column":null}},"loc":{"start":{"line":10,"column":24},"end":{"line":149,"column":1}}}},"branchMap":{},"s":{"0":0,"1":0,"2":0,"3":0},"f":{"0":0},"b":{}}
,"C:\\Users\\yoges\\OneDrive\\Desktop\\hillton\\src\\app\\conditions\\pcos-pcod\\page.tsx": {"path":"C:\\Users\\yoges\\OneDrive\\Desktop\\hillton\\src\\app\\conditions\\pcos-pcod\\page.tsx","statementMap":{"0":{"start":{"line":10,"column":24},"end":{"line":10,"column":null}},"1":{"start":{"line":5,"column":13},"end":{"line":5,"column":21}},"2":{"start":{"line":2,"column":34},"end":{"line":2,"column":null}},"3":{"start":{"line":5,"column":34},"end":{"line":8,"column":null}}},"fnMap":{"0":{"name":"PcosPage","decl":{"start":{"line":10,"column":24},"end":{"line":10,"column":null}},"loc":{"start":{"line":10,"column":24},"end":{"line":150,"column":1}}}},"branchMap":{},"s":{"0":0,"1":0,"2":0,"3":0},"f":{"0":0},"b":{}}
,"C:\\Users\\yoges\\OneDrive\\Desktop\\hillton\\src\\app\\conditions\\post-treatment-recovery\\page.tsx": {"path":"C:\\Users\\yoges\\OneDrive\\Desktop\\hillton\\src\\app\\conditions\\post-treatment-recovery\\page.tsx","statementMap":{"0":{"start":{"line":10,"column":24},"end":{"line":10,"column":null}},"1":{"start":{"line":5,"column":13},"end":{"line":5,"column":21}},"2":{"start":{"line":2,"column":34},"end":{"line":2,"column":null}},"3":{"start":{"line":5,"column":34},"end":{"line":8,"column":null}}},"fnMap":{"0":{"name":"RecoveryPage","decl":{"start":{"line":10,"column":24},"end":{"line":10,"column":null}},"loc":{"start":{"line":10,"column":24},"end":{"line":107,"column":1}}}},"branchMap":{},"s":{"0":0,"1":0,"2":0,"3":0},"f":{"0":0},"b":{}}
,"C:\\Users\\yoges\\OneDrive\\Desktop\\hillton\\src\\app\\conditions\\psychological-disorders\\page.tsx": {"path":"C:\\Users\\yoges\\OneDrive\\Desktop\\hillton\\src\\app\\conditions\\psychological-disorders\\page.tsx","statementMap":{"0":{"start":{"line":10,"column":24},"end":{"line":10,"column":null}},"1":{"start":{"line":5,"column":13},"end":{"line":5,"column":21}},"2":{"start":{"line":2,"column":34},"end":{"line":2,"column":null}},"3":{"start":{"line":5,"column":34},"end":{"line":8,"column":null}}},"fnMap":{"0":{"name":"PsychologicalPage","decl":{"start":{"line":10,"column":24},"end":{"line":10,"column":null}},"loc":{"start":{"line":10,"column":24},"end":{"line":125,"column":1}}}},"branchMap":{},"s":{"0":0,"1":0,"2":0,"3":0},"f":{"0":0},"b":{}}
,"C:\\Users\\yoges\\OneDrive\\Desktop\\hillton\\src\\app\\conditions\\respiratory-disorders\\page.tsx": {"path":"C:\\Users\\yoges\\OneDrive\\Desktop\\hillton\\src\\app\\conditions\\respiratory-disorders\\page.tsx","statementMap":{"0":{"start":{"line":10,"column":24},"end":{"line":10,"column":null}},"1":{"start":{"line":5,"column":13},"end":{"line":5,"column":21}},"2":{"start":{"line":2,"column":34},"end":{"line":2,"column":null}},"3":{"start":{"line":5,"column":34},"end":{"line":8,"column":null}}},"fnMap":{"0":{"name":"RespiratoryPage","decl":{"start":{"line":10,"column":24},"end":{"line":10,"column":null}},"loc":{"start":{"line":10,"column":24},"end":{"line":113,"column":1}}}},"branchMap":{},"s":{"0":0,"1":0,"2":0,"3":0},"f":{"0":0},"b":{}}
,"C:\\Users\\yoges\\OneDrive\\Desktop\\hillton\\src\\app\\conditions\\skin-hair-disorders\\page.tsx": {"path":"C:\\Users\\yoges\\OneDrive\\Desktop\\hillton\\src\\app\\conditions\\skin-hair-disorders\\page.tsx","statementMap":{"0":{"start":{"line":10,"column":24},"end":{"line":10,"column":null}},"1":{"start":{"line":5,"column":13},"end":{"line":5,"column":21}},"2":{"start":{"line":2,"column":34},"end":{"line":2,"column":null}},"3":{"start":{"line":5,"column":34},"end":{"line":8,"column":null}}},"fnMap":{"0":{"name":"SkinHairPage","decl":{"start":{"line":10,"column":24},"end":{"line":10,"column":null}},"loc":{"start":{"line":10,"column":24},"end":{"line":118,"column":1}}}},"branchMap":{},"s":{"0":0,"1":0,"2":0,"3":0},"f":{"0":0},"b":{}}
,"C:\\Users\\yoges\\OneDrive\\Desktop\\hillton\\src\\app\\conditions\\stress-anxiety\\page.tsx": {"path":"C:\\Users\\yoges\\OneDrive\\Desktop\\hillton\\src\\app\\conditions\\stress-anxiety\\page.tsx","statementMap":{"0":{"start":{"line":10,"column":24},"end":{"line":10,"column":null}},"1":{"start":{"line":5,"column":13},"end":{"line":5,"column":21}},"2":{"start":{"line":2,"column":34},"end":{"line":2,"column":null}},"3":{"start":{"line":5,"column":34},"end":{"line":8,"column":null}}},"fnMap":{"0":{"name":"StressAnxietyPage","decl":{"start":{"line":10,"column":24},"end":{"line":10,"column":null}},"loc":{"start":{"line":10,"column":24},"end":{"line":121,"column":1}}}},"branchMap":{},"s":{"0":0,"1":0,"2":0,"3":0},"f":{"0":0},"b":{}}
,"C:\\Users\\yoges\\OneDrive\\Desktop\\hillton\\src\\app\\contact\\page.tsx": {"path":"C:\\Users\\yoges\\OneDrive\\Desktop\\hillton\\src\\app\\contact\\page.tsx","statementMap":{"0":{"start":{"line":10,"column":24},"end":{"line":10,"column":null}},"1":{"start":{"line":5,"column":13},"end":{"line":5,"column":21}},"2":{"start":{"line":3,"column":31},"end":{"line":3,"column":null}},"3":{"start":{"line":5,"column":34},"end":{"line":8,"column":null}},"4":{"start":{"line":11,"column":4},"end":{"line":11,"column":null}}},"fnMap":{"0":{"name":"ContactPage","decl":{"start":{"line":10,"column":24},"end":{"line":10,"column":null}},"loc":{"start":{"line":10,"column":24},"end":{"line":12,"column":1}}}},"branchMap":{},"s":{"0":0,"1":0,"2":0,"3":0,"4":0},"f":{"0":0},"b":{}}
,"C:\\Users\\yoges\\OneDrive\\Desktop\\hillton\\src\\app\\disclaimer\\page.tsx": {"path":"C:\\Users\\yoges\\OneDrive\\Desktop\\hillton\\src\\app\\disclaimer\\page.tsx","statementMap":{"0":{"start":{"line":8,"column":24},"end":{"line":8,"column":null}},"1":{"start":{"line":4,"column":13},"end":{"line":4,"column":21}},"2":{"start":{"line":4,"column":34},"end":{"line":6,"column":null}}},"fnMap":{"0":{"name":"DisclaimerPage","decl":{"start":{"line":8,"column":24},"end":{"line":8,"column":null}},"loc":{"start":{"line":8,"column":24},"end":{"line":48,"column":1}}}},"branchMap":{},"s":{"0":0,"1":0,"2":0},"f":{"0":0},"b":{}}
,"C:\\Users\\yoges\\OneDrive\\Desktop\\hillton\\src\\app\\faq\\page.tsx": {"path":"C:\\Users\\yoges\\OneDrive\\Desktop\\hillton\\src\\app\\faq\\page.tsx","statementMap":{"0":{"start":{"line":9,"column":24},"end":{"line":9,"column":null}},"1":{"start":{"line":4,"column":13},"end":{"line":4,"column":21}},"2":{"start":{"line":4,"column":34},"end":{"line":7,"column":null}},"3":{"start":{"line":10,"column":24},"end":{"line":117,"column":null}},"4":{"start":{"line":136,"column":24},"end":{"line":136,"column":null}},"5":{"start":{"line":140,"column":36},"end":{"line":140,"column":52}}},"fnMap":{"0":{"name":"FAQPage","decl":{"start":{"line":9,"column":24},"end":{"line":9,"column":null}},"loc":{"start":{"line":9,"column":24},"end":{"line":153,"column":1}}},"1":{"name":"(anonymous_4)","decl":{"start":{"line":135,"column":37},"end":{"line":135,"column":38}},"loc":{"start":{"line":136,"column":24},"end":{"line":136,"column":null}}},"2":{"name":"(anonymous_5)","decl":{"start":{"line":139,"column":55},"end":{"line":139,"column":56}},"loc":{"start":{"line":140,"column":36},"end":{"line":140,"column":52}}}},"branchMap":{},"s":{"0":0,"1":0,"2":0,"3":0,"4":0,"5":0},"f":{"0":0,"1":0,"2":0},"b":{}}
,"C:\\Users\\yoges\\OneDrive\\Desktop\\hillton\\src\\app\\privacy\\page.tsx": {"path":"C:\\Users\\yoges\\OneDrive\\Desktop\\hillton\\src\\app\\privacy\\page.tsx","statementMap":{"0":{"start":{"line":8,"column":24},"end":{"line":8,"column":null}},"1":{"start":{"line":4,"column":13},"end":{"line":4,"column":21}},"2":{"start":{"line":4,"column":34},"end":{"line":6,"column":null}}},"fnMap":{"0":{"name":"PrivacyPage","decl":{"start":{"line":8,"column":24},"end":{"line":8,"column":null}},"loc":{"start":{"line":8,"column":24},"end":{"line":62,"column":1}}}},"branchMap":{},"s":{"0":0,"1":0,"2":0},"f":{"0":0},"b":{}}
,"C:\\Users\\yoges\\OneDrive\\Desktop\\hillton\\src\\app\\services\\page.tsx": {"path":"C:\\Users\\yoges\\OneDrive\\Desktop\\hillton\\src\\app\\services\\page.tsx","statementMap":{"0":{"start":{"line":12,"column":24},"end":{"line":12,"column":null}},"1":{"start":{"line":5,"column":13},"end":{"line":5,"column":21}},"2":{"start":{"line":1,"column":17},"end":{"line":1,"column":null}},"3":{"start":{"line":2,"column":65},"end":{"line":2,"column":null}},"4":{"start":{"line":5,"column":34},"end":{"line":10,"column":null}}},"fnMap":{"0":{"name":"Services","decl":{"start":{"line":12,"column":24},"end":{"line":12,"column":null}},"loc":{"start":{"line":12,"column":24},"end":{"line":241,"column":1}}}},"branchMap":{},"s":{"0":0,"1":0,"2":0,"3":0,"4":0},"f":{"0":0},"b":{}}
,"C:\\Users\\yoges\\OneDrive\\Desktop\\hillton\\src\\app\\services\\ayurveda-panchakarma\\page.tsx": {"path":"C:\\Users\\yoges\\OneDrive\\Desktop\\hillton\\src\\app\\services\\ayurveda-panchakarma\\page.tsx","statementMap":{"0":{"start":{"line":11,"column":24},"end":{"line":11,"column":null}},"1":{"start":{"line":6,"column":13},"end":{"line":6,"column":21}},"2":{"start":{"line":2,"column":32},"end":{"line":2,"column":null}},"3":{"start":{"line":6,"column":34},"end":{"line":9,"column":null}}},"fnMap":{"0":{"name":"AyurvedaPage","decl":{"start":{"line":11,"column":24},"end":{"line":11,"column":null}},"loc":{"start":{"line":11,"column":24},"end":{"line":102,"column":1}}}},"branchMap":{},"s":{"0":0,"1":0,"2":0,"3":0},"f":{"0":0},"b":{}}
,"C:\\Users\\yoges\\OneDrive\\Desktop\\hillton\\src\\app\\services\\hydrotherapy\\page.tsx": {"path":"C:\\Users\\yoges\\OneDrive\\Desktop\\hillton\\src\\app\\services\\hydrotherapy\\page.tsx","statementMap":{"0":{"start":{"line":11,"column":24},"end":{"line":11,"column":null}},"1":{"start":{"line":6,"column":13},"end":{"line":6,"column":21}},"2":{"start":{"line":2,"column":32},"end":{"line":2,"column":null}},"3":{"start":{"line":4,"column":17},"end":{"line":4,"column":null}},"4":{"start":{"line":6,"column":34},"end":{"line":9,"column":null}}},"fnMap":{"0":{"name":"HydrotherapyPage","decl":{"start":{"line":11,"column":24},"end":{"line":11,"column":null}},"loc":{"start":{"line":11,"column":24},"end":{"line":137,"column":1}}}},"branchMap":{},"s":{"0":0,"1":0,"2":0,"3":0,"4":0},"f":{"0":0},"b":{}}
,"C:\\Users\\yoges\\OneDrive\\Desktop\\hillton\\src\\app\\services\\naturopathy\\page.tsx": {"path":"C:\\Users\\yoges\\OneDrive\\Desktop\\hillton\\src\\app\\services\\naturopathy\\page.tsx","statementMap":{"0":{"start":{"line":11,"column":24},"end":{"line":11,"column":null}},"1":{"start":{"line":6,"column":13},"end":{"line":6,"column":21}},"2":{"start":{"line":2,"column":32},"end":{"line":2,"column":null}},"3":{"start":{"line":4,"column":17},"end":{"line":4,"column":null}},"4":{"start":{"line":6,"column":34},"end":{"line":9,"column":null}}},"fnMap":{"0":{"name":"NaturopathyPage","decl":{"start":{"line":11,"column":24},"end":{"line":11,"column":null}},"loc":{"start":{"line":11,"column":24},"end":{"line":138,"column":1}}}},"branchMap":{},"s":{"0":0,"1":0,"2":0,"3":0,"4":0},"f":{"0":0},"b":{}}
,"C:\\Users\\yoges\\OneDrive\\Desktop\\hillton\\src\\app\\services\\physiotherapy-hydrotherapy\\page.tsx": {"path":"C:\\Users\\yoges\\OneDrive\\Desktop\\hillton\\src\\app\\services\\physiotherapy-hydrotherapy\\page.tsx","statementMap":{"0":{"start":{"line":12,"column":24},"end":{"line":12,"column":null}},"1":{"start":{"line":5,"column":13},"end":{"line":5,"column":21}},"2":{"start":{"line":1,"column":32},"end":{"line":1,"column":null}},"3":{"start":{"line":3,"column":17},"end":{"line":3,"column":null}},"4":{"start":{"line":5,"column":34},"end":{"line":10,"column":null}}},"fnMap":{"0":{"name":"PhysiotherapyHydrotherapyPage","decl":{"start":{"line":12,"column":24},"end":{"line":12,"column":null}},"loc":{"start":{"line":12,"column":24},"end":{"line":173,"column":1}}}},"branchMap":{},"s":{"0":0,"1":0,"2":0,"3":0,"4":0},"f":{"0":0},"b":{}}
,"C:\\Users\\yoges\\OneDrive\\Desktop\\hillton\\src\\app\\services\\wellness-retreat\\page.tsx": {"path":"C:\\Users\\yoges\\OneDrive\\Desktop\\hillton\\src\\app\\services\\wellness-retreat\\page.tsx","statementMap":{"0":{"start":{"line":11,"column":24},"end":{"line":11,"column":null}},"1":{"start":{"line":6,"column":13},"end":{"line":6,"column":21}},"2":{"start":{"line":2,"column":32},"end":{"line":2,"column":null}},"3":{"start":{"line":4,"column":17},"end":{"line":4,"column":null}},"4":{"start":{"line":6,"column":34},"end":{"line":9,"column":null}}},"fnMap":{"0":{"name":"WellnessPage","decl":{"start":{"line":11,"column":24},"end":{"line":11,"column":null}},"loc":{"start":{"line":11,"column":24},"end":{"line":111,"column":1}}}},"branchMap":{},"s":{"0":0,"1":0,"2":0,"3":0,"4":0},"f":{"0":0},"b":{}}
,"C:\\Users\\yoges\\OneDrive\\Desktop\\hillton\\src\\components\\ConditionPageTemplate.tsx": {"path":"C:\\Users\\yoges\\OneDrive\\Desktop\\hillton\\src\\components\\ConditionPageTemplate.tsx","statementMap":{"0":{"start":{"line":52,"column":24},"end":{"line":52,"column":46}},"1":{"start":{"line":3,"column":17},"end":{"line":3,"column":null}},"2":{"start":{"line":4,"column":47},"end":{"line":4,"column":null}},"3":{"start":{"line":5,"column":36},"end":{"line":5,"column":null}},"4":{"start":{"line":66,"column":44},"end":{"line":66,"column":null}},"5":{"start":{"line":68,"column":22},"end":{"line":70,"column":null}},"6":{"start":{"line":69,"column":8},"end":{"line":69,"column":null}},"7":{"start":{"line":93,"column":28},"end":{"line":93,"column":45}},"8":{"start":{"line":107,"column":28},"end":{"line":107,"column":45}},"9":{"start":{"line":125,"column":62},"end":{"line":125,"column":75}},"10":{"start":{"line":133,"column":36},"end":{"line":133,"column":52}},"11":{"start":{"line":155,"column":28},"end":{"line":155,"column":45}},"12":{"start":{"line":162,"column":44},"end":{"line":162,"column":56}},"13":{"start":{"line":190,"column":28},"end":{"line":190,"column":45}},"14":{"start":{"line":199,"column":44},"end":{"line":199,"column":56}},"15":{"start":{"line":220,"column":28},"end":{"line":220,"column":45}},"16":{"start":{"line":237,"column":28},"end":{"line":237,"column":45}},"17":{"start":{"line":239,"column":51},"end":{"line":239,"column":null}}},"fnMap":{"0":{"name":"ConditionPageTemplate","decl":{"start":{"line":52,"column":24},"end":{"line":52,"column":46}},"loc":{"start":{"line":63,"column":21},"end":{"line":270,"column":null}}},"1":{"name":"(anonymous_3)","decl":{"start":{"line":68,"column":22},"end":{"line":68,"column":23}},"loc":{"start":{"line":68,"column":23},"end":{"line":70,"column":null}}},"2":{"name":"(anonymous_4)","decl":{"start":{"line":92,"column":51},"end":{"line":92,"column":52}},"loc":{"start":{"line":93,"column":28},"end":{"line":93,"column":45}}},"3":{"name":"(anonymous_5)","decl":{"start":{"line":106,"column":38},"end":{"line":106,"column":39}},"loc":{"start":{"line":107,"column":28},"end":{"line":107,"column":45}}},"4":{"name":"(anonymous_6)","decl":{"start":{"line":125,"column":52},"end":{"line":125,"column":53}},"loc":{"start":{"line":125,"column":62},"end":{"line":125,"column":75}}},"5":{"name":"(anonymous_7)","decl":{"start":{"line":132,"column":58},"end":{"line":132,"column":59}},"loc":{"start":{"line":133,"column":36},"end":{"line":133,"column":52}}},"6":{"name":"(anonymous_8)","decl":{"start":{"line":154,"column":55},"end":{"line":154,"column":56}},"loc":{"start":{"line":155,"column":28},"end":{"line":155,"column":45}}},"7":{"name":"(anonymous_9)","decl":{"start":{"line":161,"column":59},"end":{"line":161,"column":60}},"loc":{"start":{"line":162,"column":44},"end":{"line":162,"column":56}}},"8":{"name":"(anonymous_10)","decl":{"start":{"line":189,"column":44},"end":{"line":189,"column":45}},"loc":{"start":{"line":190,"column":28},"end":{"line":190,"column":45}}},"9":{"name":"(anonymous_11)","decl":{"start":{"line":198,"column":56},"end":{"line":198,"column":57}},"loc":{"start":{"line":199,"column":44},"end":{"line":199,"column":56}}},"10":{"name":"(anonymous_12)","decl":{"start":{"line":219,"column":45},"end":{"line":219,"column":46}},"loc":{"start":{"line":220,"column":28},"end":{"line":220,"column":45}}},"11":{"name":"(anonymous_13)","decl":{"start":{"line":236,"column":34},"end":{"line":236,"column":35}},"loc":{"start":{"line":237,"column":28},"end":{"line":237,"column":45}}},"12":{"name":"(anonymous_14)","decl":{"start":{"line":239,"column":45},"end":{"line":239,"column":51}},"loc":{"start":{"line":239,"column":51},"end":{"line":239,"column":null}}}},"branchMap":{"0":{"loc":{"start":{"line":69,"column":24},"end":{"line":69,"column":null}},"type":"cond-expr","locations":[{"start":{"line":69,"column":49},"end":{"line":69,"column":56}},{"start":{"line":69,"column":56},"end":{"line":69,"column":null}}]},"1":{"loc":{"start":{"line":123,"column":21},"end":{"line":123,"column":null}},"type":"binary-expr","locations":[{"start":{"line":123,"column":21},"end":{"line":123,"column":null}}]},"2":{"loc":{"start":{"line":129,"column":21},"end":{"line":129,"column":41}},"type":"binary-expr","locations":[{"start":{"line":129,"column":21},"end":{"line":129,"column":41}}]},"3":{"loc":{"start":{"line":151,"column":21},"end":{"line":151,"column":42}},"type":"binary-expr","locations":[{"start":{"line":151,"column":21},"end":{"line":151,"column":42}}]},"4":{"loc":{"start":{"line":157,"column":33},"end":{"line":157,"column":52}},"type":"binary-expr","locations":[{"start":{"line":157,"column":33},"end":{"line":157,"column":52}}]},"5":{"loc":{"start":{"line":159,"column":33},"end":{"line":159,"column":46}},"type":"binary-expr","locations":[{"start":{"line":159,"column":33},"end":{"line":159,"column":46}}]},"6":{"loc":{"start":{"line":170,"column":33},"end":{"line":170,"column":49}},"type":"binary-expr","locations":[{"start":{"line":170,"column":33},"end":{"line":170,"column":49}}]},"7":{"loc":{"start":{"line":194,"column":33},"end":{"line":194,"column":49}},"type":"binary-expr","locations":[{"start":{"line":194,"column":33},"end":{"line":194,"column":49}}]},"8":{"loc":{"start":{"line":196,"column":33},"end":{"line":196,"column":43}},"type":"binary-expr","locations":[{"start":{"line":196,"column":33},"end":{"line":196,"column":43}}]},"9":{"loc":{"start":{"line":245,"column":113},"end":{"line":245,"column":163}},"type":"cond-expr","locations":[{"start":{"line":245,"column":138},"end":{"line":245,"column":152}},{"start":{"line":245,"column":152},"end":{"line":245,"column":163}}]},"10":{"loc":{"start":{"line":249,"column":115},"end":{"line":249,"column":163}},"type":"cond-expr","locations":[{"start":{"line":249,"column":140},"end":{"line":249,"column":153}},{"start":{"line":249,"column":153},"end":{"line":249,"column":163}}]}},"s":{"0":0,"1":0,"2":0,"3":0,"4":0,"5":0,"6":0,"7":0,"8":0,"9":0,"10":0,"11":0,"12":0,"13":0,"14":0,"15":0,"16":0,"17":0},"f":{"0":0,"1":0,"2":0,"3":0,"4":0,"5":0,"6":0,"7":0,"8":0,"9":0,"10":0,"11":0,"12":0},"b":{"0":[0,0],"1":[0],"2":[0],"3":[0],"4":[0],"5":[0],"6":[0],"7":[0],"8":[0],"9":[0,0],"10":[0,0]}}
,"C:\\Users\\yoges\\OneDrive\\Desktop\\hillton\\src\\components\\ContactPageContent.tsx": {"path":"C:\\Users\\yoges\\OneDrive\\Desktop\\hillton\\src\\components\\ContactPageContent.tsx","statementMap":{"0":{"start":{"line":6,"column":24},"end":{"line":6,"column":null}},"1":{"start":{"line":3,"column":25},"end":{"line":3,"column":null}},"2":{"start":{"line":4,"column":71},"end":{"line":4,"column":null}},"3":{"start":{"line":7,"column":36},"end":{"line":18,"column":null}},"4":{"start":{"line":20,"column":38},"end":{"line":20,"column":null}},"5":{"start":{"line":22,"column":30},"end":{"line":25,"column":null}},"6":{"start":{"line":23,"column":32},"end":{"line":23,"column":40}},"7":{"start":{"line":24,"column":8},"end":{"line":24,"column":null}},"8":{"start":{"line":24,"column":29},"end":{"line":24,"column":null}},"9":{"start":{"line":27,"column":32},"end":{"line":34,"column":null}},"10":{"start":{"line":28,"column":8},"end":{"line":33,"column":null}},"11":{"start":{"line":29,"column":29},"end":{"line":31,"column":null}},"12":{"start":{"line":30,"column":44},"end":{"line":30,"column":null}},"13":{"start":{"line":32,"column":12},"end":{"line":32,"column":null}},"14":{"start":{"line":36,"column":25},"end":{"line":60,"column":null}},"15":{"start":{"line":37,"column":6},"end":{"line":37,"column":null}},"16":{"start":{"line":39,"column":6},"end":{"line":59,"column":null}},"17":{"start":{"line":40,"column":25},"end":{"line":46,"column":null}},"18":{"start":{"line":48,"column":8},"end":{"line":50,"column":null}},"19":{"start":{"line":49,"column":10},"end":{"line":49,"column":null}},"20":{"start":{"line":52,"column":21},"end":{"line":52,"column":null}},"21":{"start":{"line":53,"column":8},"end":{"line":53,"column":null}},"22":{"start":{"line":55,"column":8},"end":{"line":55,"column":null}},"23":{"start":{"line":57,"column":8},"end":{"line":57,"column":null}},"24":{"start":{"line":58,"column":8},"end":{"line":58,"column":null}},"25":{"start":{"line":64,"column":4},"end":{"line":84,"column":null}},"26":{"start":{"line":76,"column":39},"end":{"line":76,"column":null}},"27":{"start":{"line":186,"column":44},"end":{"line":187,"column":null}},"28":{"start":{"line":189,"column":63},"end":{"line":189,"column":null}},"29":{"start":{"line":206,"column":48},"end":{"line":206,"column":68}}},"fnMap":{"0":{"name":"ContactPageContent","decl":{"start":{"line":6,"column":24},"end":{"line":6,"column":null}},"loc":{"start":{"line":6,"column":24},"end":{"line":378,"column":null}}},"1":{"name":"(anonymous_2)","decl":{"start":{"line":22,"column":30},"end":{"line":22,"column":31}},"loc":{"start":{"line":22,"column":31},"end":{"line":25,"column":null}}},"2":{"name":"(anonymous_3)","decl":{"start":{"line":24,"column":20},"end":{"line":24,"column":29}},"loc":{"start":{"line":24,"column":29},"end":{"line":24,"column":null}}},"3":{"name":"(anonymous_4)","decl":{"start":{"line":27,"column":32},"end":{"line":27,"column":33}},"loc":{"start":{"line":27,"column":33},"end":{"line":34,"column":null}}},"4":{"name":"(anonymous_5)","decl":{"start":{"line":28,"column":20},"end":{"line":28,"column":null}},"loc":{"start":{"line":28,"column":20},"end":{"line":33,"column":null}}},"5":{"name":"(anonymous_6)","decl":{"start":{"line":30,"column":39},"end":{"line":30,"column":44}},"loc":{"start":{"line":30,"column":44},"end":{"line":30,"column":null}}},"6":{"name":"(anonymous_7)","decl":{"start":{"line":36,"column":25},"end":{"line":36,"column":32}},"loc":{"start":{"line":36,"column":32},"end":{"line":60,"column":null}}},"7":{"name":"(anonymous_8)","decl":{"start":{"line":76,"column":33},"end":{"line":76,"column":39}},"loc":{"start":{"line":76,"column":39},"end":{"line":76,"column":null}}},"8":{"name":"(anonymous_9)","decl":{"start":{"line":185,"column":101},"end":{"line":185,"column":null}},"loc":{"start":{"line":186,"column":44},"end":{"line":187,"column":null}}},"9":{"name":"(anonymous_10)","decl":{"start":{"line":189,"column":57},"end":{"line":189,"column":63}},"loc":{"start":{"line":189,"column":63},"end":{"line":189,"column":null}}},"10":{"name":"(anonymous_11)","decl":{"start":{"line":205,"column":85},"end":{"line":205,"column":null}},"loc":{"start":{"line":206,"column":48},"end":{"line":206,"column":68}}}},"branchMap":{"0":{"loc":{"start":{"line":29,"column":29},"end":{"line":31,"column":null}},"type":"cond-expr","locations":[{"start":{"line":30,"column":18},"end":{"line":30,"column":null}},{"start":{"line":31,"column":18},"end":{"line":31,"column":null}}]},"1":{"loc":{"start":{"line":48,"column":8},"end":{"line":50,"column":null}},"type":"if","locations":[{"start":{"line":48,"column":8},"end":{"line":50,"column":null}}]},"2":{"loc":{"start":{"line":64,"column":4},"end":{"line":84,"column":null}},"type":"if","locations":[{"start":{"line":64,"column":4},"end":{"line":84,"column":null}}]},"3":{"loc":{"start":{"line":190,"column":123},"end":{"line":192,"column":null}},"type":"cond-expr","locations":[{"start":{"line":191,"column":54},"end":{"line":191,"column":null}},{"start":{"line":192,"column":54},"end":{"line":192,"column":null}}]}},"s":{"0":10,"1":1,"2":1,"3":151,"4":150,"5":150,"6":138,"7":138,"8":138,"9":150,"10":0,"11":0,"12":0,"13":0,"14":150,"15":3,"16":3,"17":3,"18":3,"19":1,"20":2,"21":2,"22":2,"23":1,"24":1,"25":150,"26":0,"27":592,"28":0,"29":444},"f":{"0":151,"1":138,"2":138,"3":0,"4":0,"5":0,"6":3,"7":0,"8":592,"9":0,"10":444},"b":{"0":[0,0],"1":[1],"2":[2],"3":[0,592]}}
,"C:\\Users\\yoges\\OneDrive\\Desktop\\hillton\\src\\components\\Footer.tsx": {"path":"C:\\Users\\yoges\\OneDrive\\Desktop\\hillton\\src\\components\\Footer.tsx","statementMap":{"0":{"start":{"line":5,"column":24},"end":{"line":5,"column":null}},"1":{"start":{"line":1,"column":17},"end":{"line":1,"column":null}},"2":{"start":{"line":2,"column":57},"end":{"line":2,"column":null}},"3":{"start":{"line":3,"column":18},"end":{"line":3,"column":null}}},"fnMap":{"0":{"name":"Footer","decl":{"start":{"line":5,"column":24},"end":{"line":5,"column":null}},"loc":{"start":{"line":5,"column":24},"end":{"line":193,"column":null}}}},"branchMap":{},"s":{"0":7,"1":1,"2":1,"3":1},"f":{"0":8},"b":{}}
,"C:\\Users\\yoges\\OneDrive\\Desktop\\hillton\\src\\components\\Header.tsx": {"path":"C:\\Users\\yoges\\OneDrive\\Desktop\\hillton\\src\\components\\Header.tsx","statementMap":{"0":{"start":{"line":7,"column":24},"end":{"line":7,"column":null}},"1":{"start":{"line":3,"column":25},"end":{"line":3,"column":null}},"2":{"start":{"line":4,"column":17},"end":{"line":4,"column":null}},"3":{"start":{"line":5,"column":44},"end":{"line":5,"column":null}},"4":{"start":{"line":8,"column":30},"end":{"line":8,"column":null}},"5":{"start":{"line":9,"column":42},"end":{"line":9,"column":null}},"6":{"start":{"line":10,"column":46},"end":{"line":10,"column":null}},"7":{"start":{"line":143,"column":27},"end":{"line":143,"column":null}},"8":{"start":{"line":157,"column":29},"end":{"line":157,"column":null}},"9":{"start":{"line":164,"column":29},"end":{"line":164,"column":null}},"10":{"start":{"line":172,"column":31},"end":{"line":172,"column":null}},"11":{"start":{"line":186,"column":33},"end":{"line":186,"column":null}},"12":{"start":{"line":193,"column":33},"end":{"line":193,"column":null}},"13":{"start":{"line":200,"column":33},"end":{"line":200,"column":null}},"14":{"start":{"line":207,"column":33},"end":{"line":207,"column":null}},"15":{"start":{"line":214,"column":33},"end":{"line":214,"column":null}},"16":{"start":{"line":224,"column":31},"end":{"line":224,"column":null}},"17":{"start":{"line":238,"column":33},"end":{"line":238,"column":null}},"18":{"start":{"line":245,"column":33},"end":{"line":245,"column":null}},"19":{"start":{"line":252,"column":33},"end":{"line":252,"column":null}},"20":{"start":{"line":259,"column":33},"end":{"line":259,"column":null}},"21":{"start":{"line":269,"column":29},"end":{"line":269,"column":null}},"22":{"start":{"line":276,"column":29},"end":{"line":276,"column":null}},"23":{"start":{"line":283,"column":29},"end":{"line":283,"column":null}},"24":{"start":{"line":292,"column":31},"end":{"line":292,"column":null}}},"fnMap":{"0":{"name":"Header","decl":{"start":{"line":7,"column":24},"end":{"line":7,"column":null}},"loc":{"start":{"line":7,"column":24},"end":{"line":308,"column":null}}},"1":{"name":"(anonymous_3)","decl":{"start":{"line":143,"column":21},"end":{"line":143,"column":27}},"loc":{"start":{"line":143,"column":27},"end":{"line":143,"column":null}}},"2":{"name":"(anonymous_4)","decl":{"start":{"line":157,"column":23},"end":{"line":157,"column":29}},"loc":{"start":{"line":157,"column":29},"end":{"line":157,"column":null}}},"3":{"name":"(anonymous_5)","decl":{"start":{"line":164,"column":23},"end":{"line":164,"column":29}},"loc":{"start":{"line":164,"column":29},"end":{"line":164,"column":null}}},"4":{"name":"(anonymous_6)","decl":{"start":{"line":172,"column":25},"end":{"line":172,"column":31}},"loc":{"start":{"line":172,"column":31},"end":{"line":172,"column":null}}},"5":{"name":"(anonymous_7)","decl":{"start":{"line":186,"column":27},"end":{"line":186,"column":33}},"loc":{"start":{"line":186,"column":33},"end":{"line":186,"column":null}}},"6":{"name":"(anonymous_8)","decl":{"start":{"line":193,"column":27},"end":{"line":193,"column":33}},"loc":{"start":{"line":193,"column":33},"end":{"line":193,"column":null}}},"7":{"name":"(anonymous_9)","decl":{"start":{"line":200,"column":27},"end":{"line":200,"column":33}},"loc":{"start":{"line":200,"column":33},"end":{"line":200,"column":null}}},"8":{"name":"(anonymous_10)","decl":{"start":{"line":207,"column":27},"end":{"line":207,"column":33}},"loc":{"start":{"line":207,"column":33},"end":{"line":207,"column":null}}},"9":{"name":"(anonymous_11)","decl":{"start":{"line":214,"column":27},"end":{"line":214,"column":33}},"loc":{"start":{"line":214,"column":33},"end":{"line":214,"column":null}}},"10":{"name":"(anonymous_12)","decl":{"start":{"line":224,"column":25},"end":{"line":224,"column":31}},"loc":{"start":{"line":224,"column":31},"end":{"line":224,"column":null}}},"11":{"name":"(anonymous_13)","decl":{"start":{"line":238,"column":27},"end":{"line":238,"column":33}},"loc":{"start":{"line":238,"column":33},"end":{"line":238,"column":null}}},"12":{"name":"(anonymous_14)","decl":{"start":{"line":245,"column":27},"end":{"line":245,"column":33}},"loc":{"start":{"line":245,"column":33},"end":{"line":245,"column":null}}},"13":{"name":"(anonymous_15)","decl":{"start":{"line":252,"column":27},"end":{"line":252,"column":33}},"loc":{"start":{"line":252,"column":33},"end":{"line":252,"column":null}}},"14":{"name":"(anonymous_16)","decl":{"start":{"line":259,"column":27},"end":{"line":259,"column":33}},"loc":{"start":{"line":259,"column":33},"end":{"line":259,"column":null}}},"15":{"name":"(anonymous_17)","decl":{"start":{"line":269,"column":23},"end":{"line":269,"column":29}},"loc":{"start":{"line":269,"column":29},"end":{"line":269,"column":null}}},"16":{"name":"(anonymous_18)","decl":{"start":{"line":276,"column":23},"end":{"line":276,"column":29}},"loc":{"start":{"line":276,"column":29},"end":{"line":276,"column":null}}},"17":{"name":"(anonymous_19)","decl":{"start":{"line":283,"column":23},"end":{"line":283,"column":29}},"loc":{"start":{"line":283,"column":29},"end":{"line":283,"column":null}}},"18":{"name":"(anonymous_20)","decl":{"start":{"line":292,"column":25},"end":{"line":292,"column":31}},"loc":{"start":{"line":292,"column":31},"end":{"line":292,"column":null}}}},"branchMap":{"0":{"loc":{"start":{"line":145,"column":22},"end":{"line":145,"column":41}},"type":"cond-expr","locations":[{"start":{"line":145,"column":22},"end":{"line":145,"column":41}}]},"1":{"loc":{"start":{"line":151,"column":7},"end":{"line":151,"column":null}},"type":"binary-expr","locations":[{"start":{"line":151,"column":7},"end":{"line":151,"column":null}}]},"2":{"loc":{"start":{"line":177,"column":76},"end":{"line":177,"column":109}},"type":"cond-expr","locations":[{"start":{"line":177,"column":91},"end":{"line":177,"column":106}},{"start":{"line":177,"column":106},"end":{"line":177,"column":109}}]},"3":{"loc":{"start":{"line":181,"column":131},"end":{"line":181,"column":169}},"type":"cond-expr","locations":[{"start":{"line":181,"column":146},"end":{"line":181,"column":159}},{"start":{"line":181,"column":159},"end":{"line":181,"column":169}}]},"4":{"loc":{"start":{"line":229,"column":76},"end":{"line":229,"column":111}},"type":"cond-expr","locations":[{"start":{"line":229,"column":93},"end":{"line":229,"column":108}},{"start":{"line":229,"column":108},"end":{"line":229,"column":111}}]},"5":{"loc":{"start":{"line":233,"column":131},"end":{"line":233,"column":171}},"type":"cond-expr","locations":[{"start":{"line":233,"column":148},"end":{"line":233,"column":161}},{"start":{"line":233,"column":161},"end":{"line":233,"column":171}}]}},"s":{"0":6,"1":1,"2":1,"3":1,"4":6,"5":6,"6":6,"7":0,"8":0,"9":0,"10":0,"11":0,"12":0,"13":0,"14":0,"15":0,"16":0,"17":0,"18":0,"19":0,"20":0,"21":0,"22":0,"23":0,"24":0},"f":{"0":6,"1":0,"2":0,"3":0,"4":0,"5":0,"6":0,"7":0,"8":0,"9":0,"10":0,"11":0,"12":0,"13":0,"14":0,"15":0,"16":0,"17":0,"18":0},"b":{"0":[0],"1":[6],"2":[0,0],"3":[0,0],"4":[0,0],"5":[0,0]}}
,"C:\\Users\\yoges\\OneDrive\\Desktop\\hillton\\src\\components\\ServicePageTemplate.tsx": {"path":"C:\\Users\\yoges\\OneDrive\\Desktop\\hillton\\src\\components\\ServicePageTemplate.tsx","statementMap":{"0":{"start":{"line":32,"column":24},"end":{"line":32,"column":44}},"1":{"start":{"line":2,"column":17},"end":{"line":2,"column":null}},"2":{"start":{"line":3,"column":47},"end":{"line":3,"column":null}},"3":{"start":{"line":66,"column":28},"end":{"line":66,"column":45}},"4":{"start":{"line":81,"column":28},"end":{"line":81,"column":45}},"5":{"start":{"line":89,"column":48},"end":{"line":89,"column":60}},"6":{"start":{"line":120,"column":28},"end":{"line":120,"column":45}},"7":{"start":{"line":138,"column":28},"end":{"line":138,"column":45}},"8":{"start":{"line":163,"column":28},"end":{"line":163,"column":45}}},"fnMap":{"0":{"name":"ServicePageTemplate","decl":{"start":{"line":32,"column":24},"end":{"line":32,"column":44}},"loc":{"start":{"line":44,"column":19},"end":{"line":186,"column":null}}},"1":{"name":"(anonymous_3)","decl":{"start":{"line":65,"column":39},"end":{"line":65,"column":40}},"loc":{"start":{"line":66,"column":28},"end":{"line":66,"column":45}}},"2":{"name":"(anonymous_4)","decl":{"start":{"line":80,"column":42},"end":{"line":80,"column":43}},"loc":{"start":{"line":81,"column":28},"end":{"line":81,"column":45}}},"3":{"name":"(anonymous_5)","decl":{"start":{"line":88,"column":61},"end":{"line":88,"column":62}},"loc":{"start":{"line":89,"column":48},"end":{"line":89,"column":60}}},"4":{"name":"(anonymous_6)","decl":{"start":{"line":119,"column":37},"end":{"line":119,"column":38}},"loc":{"start":{"line":120,"column":28},"end":{"line":120,"column":45}}},"5":{"name":"(anonymous_7)","decl":{"start":{"line":137,"column":43},"end":{"line":137,"column":44}},"loc":{"start":{"line":138,"column":28},"end":{"line":138,"column":45}}},"6":{"name":"(anonymous_8)","decl":{"start":{"line":162,"column":34},"end":{"line":162,"column":35}},"loc":{"start":{"line":163,"column":28},"end":{"line":163,"column":45}}}},"branchMap":{"0":{"loc":{"start":{"line":85,"column":33},"end":{"line":85,"column":44}},"type":"binary-expr","locations":[{"start":{"line":85,"column":33},"end":{"line":85,"column":44}}]},"1":{"loc":{"start":{"line":91,"column":80},"end":{"line":91,"column":null}},"type":"cond-expr","locations":[{"start":{"line":91,"column":80},"end":{"line":91,"column":null}}]},"2":{"loc":{"start":{"line":100,"column":33},"end":{"line":100,"column":47}},"type":"binary-expr","locations":[{"start":{"line":100,"column":33},"end":{"line":100,"column":47}}]},"3":{"loc":{"start":{"line":141,"column":33},"end":{"line":141,"column":46}},"type":"binary-expr","locations":[{"start":{"line":141,"column":33},"end":{"line":141,"column":46}}]},"4":{"loc":{"start":{"line":147,"column":21},"end":{"line":147,"column":null}},"type":"binary-expr","locations":[{"start":{"line":147,"column":21},"end":{"line":147,"column":null}}]}},"s":{"0":0,"1":0,"2":0,"3":0,"4":0,"5":0,"6":0,"7":0,"8":0},"f":{"0":0,"1":0,"2":0,"3":0,"4":0,"5":0,"6":0},"b":{"0":[0],"1":[0],"2":[0],"3":[0],"4":[0]}}
,"C:\\Users\\yoges\\OneDrive\\Desktop\\hillton\\src\\components\\WhatsAppButton.tsx": {"path":"C:\\Users\\yoges\\OneDrive\\Desktop\\hillton\\src\\components\\WhatsAppButton.tsx","statementMap":{"0":{"start":{"line":5,"column":24},"end":{"line":5,"column":null}},"1":{"start":{"line":3,"column":30},"end":{"line":3,"column":null}}},"fnMap":{"0":{"name":"WhatsAppButton","decl":{"start":{"line":5,"column":24},"end":{"line":5,"column":null}},"loc":{"start":{"line":5,"column":24},"end":{"line":17,"column":null}}}},"branchMap":{},"s":{"0":0,"1":0},"f":{"0":0},"b":{}}
}
