TN:
SF:src\app\layout.tsx
FN:28,RootLayout
FNF:1
FNH:0
FNDA:0,RootLayout
DA:2,0
DA:3,0
DA:4,0
DA:5,0
DA:6,0
DA:8,0
DA:15,0
DA:22,0
DA:28,0
LF:9
LH:0
BRF:0
BRH:0
end_of_record
TN:
SF:src\app\page.tsx
FN:96,Home
FN:839,(anonymous_5)
FNF:2
FNH:0
FNDA:0,Home
FNDA:0,(anonymous_5)
DA:1,0
DA:20,0
DA:21,0
DA:24,0
DA:32,0
DA:96,0
DA:840,0
LF:7
LH:0
BRDA:848,0,0,0
BRDA:848,0,1,0
BRF:2
BRH:0
end_of_record
TN:
SF:src\app\about\page.tsx
FN:22,About
FNF:1
FNH:0
FNDA:0,About
DA:1,0
DA:12,0
DA:13,0
DA:16,0
DA:22,0
LF:5
LH:0
BRF:0
BRH:0
end_of_record
TN:
SF:src\app\api\contact\route.ts
FN:10,POST
FNF:1
FNH:0
FNDA:0,POST
DA:1,0
DA:2,0
DA:3,0
DA:5,0
DA:10,0
DA:11,0
DA:12,0
DA:15,0
DA:17,0
DA:19,0
DA:32,0
DA:51,0
DA:53,0
DA:58,0
DA:59,0
LF:15
LH:0
BRDA:6,0,0,0
BRDA:6,0,1,0
BRDA:15,1,0,0
BRDA:15,1,1,0
BRDA:17,2,0,0
BRDA:17,2,1,0
BRDA:20,3,0,0
BRDA:20,3,1,0
BRDA:21,4,0,0
BRDA:21,4,1,0
BRDA:22,5,0,0
BRDA:22,5,1,0
BRDA:23,6,0,0
BRDA:23,6,1,0
BRDA:24,7,0,0
BRDA:24,7,1,0
BRDA:25,8,0,0
BRDA:25,8,1,0
BRDA:26,9,0,0
BRDA:26,9,1,0
BRDA:27,10,0,0
BRDA:27,10,1,0
BRDA:28,11,0,0
BRDA:28,11,1,0
BRDA:29,12,0,0
BRDA:29,12,1,0
BRDA:39,13,0,0
BRDA:39,13,1,0
BRF:28
BRH:0
end_of_record
TN:
SF:src\app\blog\blogData.ts
FN:111,getBlogPostBySlug
FN:112,(anonymous_4)
FNF:2
FNH:0
FNDA:0,getBlogPostBySlug
FNDA:0,(anonymous_4)
DA:12,0
DA:111,0
DA:112,0
LF:3
LH:0
BRF:0
BRH:0
end_of_record
TN:
SF:src\app\blog\page.tsx
FN:13,BlogPage
FN:33,(anonymous_5)
FNF:2
FNH:0
FNDA:0,BlogPage
FNDA:0,(anonymous_5)
DA:2,0
DA:3,0
DA:4,0
DA:5,0
DA:7,0
DA:13,0
DA:34,0
LF:7
LH:0
BRF:0
BRH:0
end_of_record
TN:
SF:src\app\blog\[slug]\page.tsx
FN:12,generateStaticParams
FN:13,(anonymous_6)
FN:16,generateMetadata
FN:32,BlogDetailPage
FN:83,(anonymous_9)
FNF:5
FNH:0
FNDA:0,generateStaticParams
FNDA:0,(anonymous_6)
FNDA:0,generateMetadata
FNDA:0,BlogDetailPage
FNDA:0,(anonymous_9)
DA:1,0
DA:2,0
DA:3,0
DA:4,0
DA:6,0
DA:12,0
DA:13,0
DA:16,0
DA:17,0
DA:19,0
DA:20,0
DA:26,0
DA:32,0
DA:33,0
DA:35,0
DA:36,0
DA:84,0
LF:17
LH:0
BRDA:19,0,0,0
BRDA:35,1,0,0
BRF:2
BRH:0
end_of_record
TN:
SF:src\app\conditions\page.tsx
FN:33,ConditionsHub
FN:52,(anonymous_5)
FNF:2
FNH:0
FNDA:0,ConditionsHub
FNDA:0,(anonymous_5)
DA:2,0
DA:3,0
DA:6,0
DA:12,0
DA:33,0
DA:53,0
LF:6
LH:0
BRF:0
BRH:0
end_of_record
TN:
SF:src\app\conditions\anti-aging\page.tsx
FN:10,AntiAgingPage
FNF:1
FNH:0
FNDA:0,AntiAgingPage
DA:2,0
DA:5,0
DA:10,0
LF:3
LH:0
BRF:0
BRH:0
end_of_record
TN:
SF:src\app\conditions\arthritis-joint-pain\page.tsx
FN:10,ArthritisPage
FNF:1
FNH:0
FNDA:0,ArthritisPage
DA:2,0
DA:5,0
DA:10,0
LF:3
LH:0
BRF:0
BRH:0
end_of_record
TN:
SF:src\app\conditions\cardiovascular-disorders\page.tsx
FN:10,CardioPage
FNF:1
FNH:0
FNDA:0,CardioPage
DA:2,0
DA:5,0
DA:10,0
LF:3
LH:0
BRF:0
BRH:0
end_of_record
TN:
SF:src\app\conditions\diabetes\page.tsx
FN:10,DiabetesPage
FNF:1
FNH:0
FNDA:0,DiabetesPage
DA:2,0
DA:5,0
DA:10,0
LF:3
LH:0
BRF:0
BRH:0
end_of_record
TN:
SF:src\app\conditions\gastrointestinal-disorders\page.tsx
FN:10,GastroPage
FNF:1
FNH:0
FNDA:0,GastroPage
DA:2,0
DA:5,0
DA:10,0
LF:3
LH:0
BRF:0
BRH:0
end_of_record
TN:
SF:src\app\conditions\hormonal-imbalance\page.tsx
FN:10,HormonalPage
FNF:1
FNH:0
FNDA:0,HormonalPage
DA:2,0
DA:5,0
DA:10,0
LF:3
LH:0
BRF:0
BRH:0
end_of_record
TN:
SF:src\app\conditions\hypertension\page.tsx
FN:10,HypertensionPage
FNF:1
FNH:0
FNDA:0,HypertensionPage
DA:2,0
DA:5,0
DA:10,0
LF:3
LH:0
BRF:0
BRH:0
end_of_record
TN:
SF:src\app\conditions\lifestyle-disorders\page.tsx
FN:10,LifestyleDisordersPage
FNF:1
FNH:0
FNDA:0,LifestyleDisordersPage
DA:2,0
DA:5,0
DA:10,0
LF:3
LH:0
BRF:0
BRH:0
end_of_record
TN:
SF:src\app\conditions\migraine-headache\page.tsx
FN:10,MigrainePage
FNF:1
FNH:0
FNDA:0,MigrainePage
DA:2,0
DA:5,0
DA:10,0
LF:3
LH:0
BRF:0
BRH:0
end_of_record
TN:
SF:src\app\conditions\musculoskeletal-disorders\page.tsx
FN:10,MusculoskeletalPage
FNF:1
FNH:0
FNDA:0,MusculoskeletalPage
DA:2,0
DA:5,0
DA:10,0
LF:3
LH:0
BRF:0
BRH:0
end_of_record
TN:
SF:src\app\conditions\neurological-disorders\page.tsx
FN:10,NeurologicalPage
FNF:1
FNH:0
FNDA:0,NeurologicalPage
DA:2,0
DA:5,0
DA:10,0
LF:3
LH:0
BRF:0
BRH:0
end_of_record
TN:
SF:src\app\conditions\obesity-weight-gain\page.tsx
FN:10,ObesityPage
FNF:1
FNH:0
FNDA:0,ObesityPage
DA:2,0
DA:5,0
DA:10,0
LF:3
LH:0
BRF:0
BRH:0
end_of_record
TN:
SF:src\app\conditions\pcos-pcod\page.tsx
FN:10,PcosPage
FNF:1
FNH:0
FNDA:0,PcosPage
DA:2,0
DA:5,0
DA:10,0
LF:3
LH:0
BRF:0
BRH:0
end_of_record
TN:
SF:src\app\conditions\post-treatment-recovery\page.tsx
FN:10,RecoveryPage
FNF:1
FNH:0
FNDA:0,RecoveryPage
DA:2,0
DA:5,0
DA:10,0
LF:3
LH:0
BRF:0
BRH:0
end_of_record
TN:
SF:src\app\conditions\psychological-disorders\page.tsx
FN:10,PsychologicalPage
FNF:1
FNH:0
FNDA:0,PsychologicalPage
DA:2,0
DA:5,0
DA:10,0
LF:3
LH:0
BRF:0
BRH:0
end_of_record
TN:
SF:src\app\conditions\respiratory-disorders\page.tsx
FN:10,RespiratoryPage
FNF:1
FNH:0
FNDA:0,RespiratoryPage
DA:2,0
DA:5,0
DA:10,0
LF:3
LH:0
BRF:0
BRH:0
end_of_record
TN:
SF:src\app\conditions\skin-hair-disorders\page.tsx
FN:10,SkinHairPage
FNF:1
FNH:0
FNDA:0,SkinHairPage
DA:2,0
DA:5,0
DA:10,0
LF:3
LH:0
BRF:0
BRH:0
end_of_record
TN:
SF:src\app\conditions\stress-anxiety\page.tsx
FN:10,StressAnxietyPage
FNF:1
FNH:0
FNDA:0,StressAnxietyPage
DA:2,0
DA:5,0
DA:10,0
LF:3
LH:0
BRF:0
BRH:0
end_of_record
TN:
SF:src\app\contact\page.tsx
FN:10,ContactPage
FNF:1
FNH:0
FNDA:0,ContactPage
DA:3,0
DA:5,0
DA:10,0
DA:11,0
LF:4
LH:0
BRF:0
BRH:0
end_of_record
TN:
SF:src\app\disclaimer\page.tsx
FN:8,DisclaimerPage
FNF:1
FNH:0
FNDA:0,DisclaimerPage
DA:4,0
DA:8,0
LF:2
LH:0
BRF:0
BRH:0
end_of_record
TN:
SF:src\app\faq\page.tsx
FN:9,FAQPage
FN:135,(anonymous_4)
FN:139,(anonymous_5)
FNF:3
FNH:0
FNDA:0,FAQPage
FNDA:0,(anonymous_4)
FNDA:0,(anonymous_5)
DA:4,0
DA:9,0
DA:10,0
DA:136,0
DA:140,0
LF:5
LH:0
BRF:0
BRH:0
end_of_record
TN:
SF:src\app\privacy\page.tsx
FN:8,PrivacyPage
FNF:1
FNH:0
FNDA:0,PrivacyPage
DA:4,0
DA:8,0
LF:2
LH:0
BRF:0
BRH:0
end_of_record
TN:
SF:src\app\services\page.tsx
FN:12,Services
FNF:1
FNH:0
FNDA:0,Services
DA:1,0
DA:2,0
DA:5,0
DA:12,0
LF:4
LH:0
BRF:0
BRH:0
end_of_record
TN:
SF:src\app\services\ayurveda-panchakarma\page.tsx
FN:11,AyurvedaPage
FNF:1
FNH:0
FNDA:0,AyurvedaPage
DA:2,0
DA:6,0
DA:11,0
LF:3
LH:0
BRF:0
BRH:0
end_of_record
TN:
SF:src\app\services\hydrotherapy\page.tsx
FN:11,HydrotherapyPage
FNF:1
FNH:0
FNDA:0,HydrotherapyPage
DA:2,0
DA:4,0
DA:6,0
DA:11,0
LF:4
LH:0
BRF:0
BRH:0
end_of_record
TN:
SF:src\app\services\naturopathy\page.tsx
FN:11,NaturopathyPage
FNF:1
FNH:0
FNDA:0,NaturopathyPage
DA:2,0
DA:4,0
DA:6,0
DA:11,0
LF:4
LH:0
BRF:0
BRH:0
end_of_record
TN:
SF:src\app\services\physiotherapy-hydrotherapy\page.tsx
FN:12,PhysiotherapyHydrotherapyPage
FNF:1
FNH:0
FNDA:0,PhysiotherapyHydrotherapyPage
DA:1,0
DA:3,0
DA:5,0
DA:12,0
LF:4
LH:0
BRF:0
BRH:0
end_of_record
TN:
SF:src\app\services\wellness-retreat\page.tsx
FN:11,WellnessPage
FNF:1
FNH:0
FNDA:0,WellnessPage
DA:2,0
DA:4,0
DA:6,0
DA:11,0
LF:4
LH:0
BRF:0
BRH:0
end_of_record
TN:
SF:src\components\ConditionPageTemplate.tsx
FN:52,ConditionPageTemplate
FN:68,(anonymous_3)
FN:92,(anonymous_4)
FN:106,(anonymous_5)
FN:125,(anonymous_6)
FN:132,(anonymous_7)
FN:154,(anonymous_8)
FN:161,(anonymous_9)
FN:189,(anonymous_10)
FN:198,(anonymous_11)
FN:219,(anonymous_12)
FN:236,(anonymous_13)
FN:239,(anonymous_14)
FNF:13
FNH:0
FNDA:0,ConditionPageTemplate
FNDA:0,(anonymous_3)
FNDA:0,(anonymous_4)
FNDA:0,(anonymous_5)
FNDA:0,(anonymous_6)
FNDA:0,(anonymous_7)
FNDA:0,(anonymous_8)
FNDA:0,(anonymous_9)
FNDA:0,(anonymous_10)
FNDA:0,(anonymous_11)
FNDA:0,(anonymous_12)
FNDA:0,(anonymous_13)
FNDA:0,(anonymous_14)
DA:3,0
DA:4,0
DA:5,0
DA:52,0
DA:66,0
DA:68,0
DA:69,0
DA:93,0
DA:107,0
DA:125,0
DA:133,0
DA:155,0
DA:162,0
DA:190,0
DA:199,0
DA:220,0
DA:237,0
DA:239,0
LF:18
LH:0
BRDA:69,0,0,0
BRDA:69,0,1,0
BRDA:123,1,0,0
BRDA:129,2,0,0
BRDA:151,3,0,0
BRDA:157,4,0,0
BRDA:159,5,0,0
BRDA:170,6,0,0
BRDA:194,7,0,0
BRDA:196,8,0,0
BRDA:245,9,0,0
BRDA:245,9,1,0
BRDA:249,10,0,0
BRDA:249,10,1,0
BRF:14
BRH:0
end_of_record
TN:
SF:src\components\ContactPageContent.tsx
FN:6,ContactPageContent
FN:22,(anonymous_2)
FN:24,(anonymous_3)
FN:27,(anonymous_4)
FN:28,(anonymous_5)
FN:30,(anonymous_6)
FN:36,(anonymous_7)
FN:76,(anonymous_8)
FN:185,(anonymous_9)
FN:189,(anonymous_10)
FN:205,(anonymous_11)
FNF:11
FNH:6
FNDA:151,ContactPageContent
FNDA:138,(anonymous_2)
FNDA:138,(anonymous_3)
FNDA:0,(anonymous_4)
FNDA:0,(anonymous_5)
FNDA:0,(anonymous_6)
FNDA:3,(anonymous_7)
FNDA:0,(anonymous_8)
FNDA:592,(anonymous_9)
FNDA:0,(anonymous_10)
FNDA:444,(anonymous_11)
DA:3,1
DA:4,1
DA:6,10
DA:7,151
DA:20,150
DA:22,150
DA:23,138
DA:24,138
DA:27,150
DA:28,0
DA:29,0
DA:30,0
DA:32,0
DA:36,150
DA:37,3
DA:39,3
DA:40,3
DA:48,3
DA:49,1
DA:52,2
DA:53,2
DA:55,2
DA:57,1
DA:58,1
DA:64,150
DA:76,0
DA:186,592
DA:189,0
DA:206,444
LF:29
LH:23
BRDA:29,0,0,0
BRDA:29,0,1,0
BRDA:48,1,0,1
BRDA:64,2,0,2
BRDA:190,3,0,0
BRDA:190,3,1,592
BRF:6
BRH:3
end_of_record
TN:
SF:src\components\Footer.tsx
FN:5,Footer
FNF:1
FNH:1
FNDA:8,Footer
DA:1,1
DA:2,1
DA:3,1
DA:5,7
LF:4
LH:4
BRF:0
BRH:0
end_of_record
TN:
SF:src\components\Header.tsx
FN:7,Header
FN:143,(anonymous_3)
FN:157,(anonymous_4)
FN:164,(anonymous_5)
FN:172,(anonymous_6)
FN:186,(anonymous_7)
FN:193,(anonymous_8)
FN:200,(anonymous_9)
FN:207,(anonymous_10)
FN:214,(anonymous_11)
FN:224,(anonymous_12)
FN:238,(anonymous_13)
FN:245,(anonymous_14)
FN:252,(anonymous_15)
FN:259,(anonymous_16)
FN:269,(anonymous_17)
FN:276,(anonymous_18)
FN:283,(anonymous_19)
FN:292,(anonymous_20)
FNF:19
FNH:1
FNDA:6,Header
FNDA:0,(anonymous_3)
FNDA:0,(anonymous_4)
FNDA:0,(anonymous_5)
FNDA:0,(anonymous_6)
FNDA:0,(anonymous_7)
FNDA:0,(anonymous_8)
FNDA:0,(anonymous_9)
FNDA:0,(anonymous_10)
FNDA:0,(anonymous_11)
FNDA:0,(anonymous_12)
FNDA:0,(anonymous_13)
FNDA:0,(anonymous_14)
FNDA:0,(anonymous_15)
FNDA:0,(anonymous_16)
FNDA:0,(anonymous_17)
FNDA:0,(anonymous_18)
FNDA:0,(anonymous_19)
FNDA:0,(anonymous_20)
DA:3,1
DA:4,1
DA:5,1
DA:7,6
DA:8,6
DA:9,6
DA:10,6
DA:143,0
DA:157,0
DA:164,0
DA:172,0
DA:186,0
DA:193,0
DA:200,0
DA:207,0
DA:214,0
DA:224,0
DA:238,0
DA:245,0
DA:252,0
DA:259,0
DA:269,0
DA:276,0
DA:283,0
DA:292,0
LF:25
LH:7
BRDA:145,0,0,0
BRDA:151,1,0,6
BRDA:177,2,0,0
BRDA:177,2,1,0
BRDA:181,3,0,0
BRDA:181,3,1,0
BRDA:229,4,0,0
BRDA:229,4,1,0
BRDA:233,5,0,0
BRDA:233,5,1,0
BRF:10
BRH:1
end_of_record
TN:
SF:src\components\ServicePageTemplate.tsx
FN:32,ServicePageTemplate
FN:65,(anonymous_3)
FN:80,(anonymous_4)
FN:88,(anonymous_5)
FN:119,(anonymous_6)
FN:137,(anonymous_7)
FN:162,(anonymous_8)
FNF:7
FNH:0
FNDA:0,ServicePageTemplate
FNDA:0,(anonymous_3)
FNDA:0,(anonymous_4)
FNDA:0,(anonymous_5)
FNDA:0,(anonymous_6)
FNDA:0,(anonymous_7)
FNDA:0,(anonymous_8)
DA:2,0
DA:3,0
DA:32,0
DA:66,0
DA:81,0
DA:89,0
DA:120,0
DA:138,0
DA:163,0
LF:9
LH:0
BRDA:85,0,0,0
BRDA:91,1,0,0
BRDA:100,2,0,0
BRDA:141,3,0,0
BRDA:147,4,0,0
BRF:5
BRH:0
end_of_record
TN:
SF:src\components\WhatsAppButton.tsx
FN:5,WhatsAppButton
FNF:1
FNH:0
FNDA:0,WhatsAppButton
DA:3,0
DA:5,0
LF:2
LH:0
BRF:0
BRH:0
end_of_record
